<?xml version="1.0" encoding="UTF-8"?>
<testsuite name="tobyspring.user.dao.UserDaoTest" tests="1" skipped="0" failures="0" errors="0" timestamp="2022-10-14T08:19:09" hostname="DESKTOP-LHCMGEO" time="0.85">
  <properties/>
  <testcase name="addAndGet()" classname="tobyspring.user.dao.UserDaoTest" time="0.85"/>
  <system-out><![CDATA[]]></system-out>
  <system-err><![CDATA[]]></system-err>
</testsuite>
